<?xml version="1.0" encoding="utf-8"?>
<!DOCTYPE coverage SYSTEM "http://cobertura.sourceforge.net/xml/coverage-04.dtd">
<coverage line-rate="0.170462894930198" branch-rate="0.0136986301369863" lines-covered="464" lines-valid="2722" branches-covered="14" branches-valid="1022" complexity="1567" version="0" timestamp="1742561726">
  <sources />
  <packages>
    <package name="Microsoft.Owin" line-rate="0" branch-rate="0" complexity="1332">
      <classes>
        <class name="Microsoft.Owin.Builder.AppBuilder" filename="/_/src/Microsoft.Owin/Builder/AppBuilder.cs" line-rate="1" branch-rate="1" complexity="107">
          <methods>
            <method name=".ctor" signature="()" line-rate="1" branch-rate="1" complexity="1">
              <lines />
            </method>
            <method name=".ctor" signature="(...)" line-rate="1" branch-rate="1" complexity="1">
              <lines />
            </method>
            <method name="get_Properties" signature="()" line-rate="1" branch-rate="1" complexity="1">
              <lines />
            </method>
            <method name="Use" signature="(...)" line-rate="1" branch-rate="1" complexity="1">
              <lines />
            </method>
            <method name="New" signature="()" line-rate="1" branch-rate="1" complexity="1">
              <lines />
            </method>
            <method name="Build" signature="(...)" line-rate="1" branch-rate="1" complexity="1">
              <lines />
            </method>
            <method name="AddSignatureConversion" signature="(...)" line-rate="1" branch-rate="1" complexity="4">
              <lines />
            </method>
            <method name="GetParameterType" signature="(...)" line-rate="1" branch-rate="1" complexity="2">
              <lines />
            </method>
            <method name="BuildInternal" signature="(...)" line-rate="1" branch-rate="1" complexity="4">
              <lines />
            </method>
            <method name="Convert" signature="(...)" line-rate="1" branch-rate="1" complexity="6">
              <lines />
            </method>
            <method name="ConvertMultiHop" signature="(...)" line-rate="1" branch-rate="1" complexity="8">
              <lines />
            </method>
            <method name="ConvertOneHop" signature="(...)" line-rate="1" branch-rate="1" complexity="12">
              <lines />
            </method>
            <method name="ToMemberDelegate" signature="(...)" line-rate="1" branch-rate="1" complexity="14">
              <lines />
            </method>
            <method name="ToMiddlewareFactory" signature="(...)" line-rate="1" branch-rate="1" complexity="10">
              <lines />
            </method>
            <method name="ToInstanceMiddlewareFactory" signature="(...)" line-rate="1" branch-rate="1" complexity="12">
              <lines />
            </method>
            <method name="ToGeneratorMiddlewareFactory" signature="(...)" line-rate="1" branch-rate="1" complexity="12">
              <lines />
            </method>
            <method name="ToConstructorMiddlewareFactory" signature="(...)" line-rate="1" branch-rate="1" complexity="12">
              <lines />
            </method>
            <method name="TestArgForParameter" signature="(...)" line-rate="1" branch-rate="1" complexity="4">
              <lines />
            </method>
            <method name=".cctor" signature="()" line-rate="1" branch-rate="1" complexity="1">
              <lines />
            </method>
          </methods>
          <lines />
        </class>
        <class name="Microsoft.Owin.Builder.AppBuilderExtensions" filename="/_/src/Microsoft.Owin/Extensions/AppBuilderExtensions.cs" line-rate="1" branch-rate="1" complexity="10">
          <methods>
            <method name="Build" signature="(...)" line-rate="1" branch-rate="1" complexity="1">
              <lines />
            </method>
            <method name="Build&lt;TApp&gt;" signature="(...)" line-rate="1" branch-rate="1" complexity="2">
              <lines />
            </method>
            <method name="AddSignatureConversion" signature="(...)" line-rate="1" branch-rate="1" complexity="6">
              <lines />
            </method>
            <method name="AddSignatureConversion&lt;T1, T2&gt;" signature="(...)" line-rate="1" branch-rate="1" complexity="1">
              <lines />
            </method>
          </methods>
          <lines />
        </class>
        <class name="Microsoft.Owin.Builder.NotFound" filename="/_/src/Microsoft.Owin/Builder/NotFound.cs" line-rate="1" branch-rate="1" complexity="3">
          <methods>
            <method name="CreateCompletedTask" signature="()" line-rate="1" branch-rate="1" complexity="1">
              <lines />
            </method>
            <method name="Invoke" signature="(...)" line-rate="1" branch-rate="1" complexity="1">
              <lines />
            </method>
            <method name=".cctor" signature="()" line-rate="1" branch-rate="1" complexity="1">
              <lines />
            </method>
          </methods>
          <lines />
        </class>
        <class name="Microsoft.Owin.BuilderProperties.Address" filename="/_/src/Microsoft.Owin/BuilderProperties/Address.cs" line-rate="1" branch-rate="1" complexity="22">
          <methods>
            <method name=".ctor" signature="(...)" line-rate="1" branch-rate="1" complexity="1">
              <lines />
            </method>
            <method name=".ctor" signature="(...)" line-rate="1" branch-rate="1" complexity="1">
              <lines />
            </method>
            <method name="get_Dictionary" signature="()" line-rate="1" branch-rate="1" complexity="1">
              <lines />
            </method>
            <method name="get_Scheme" signature="()" line-rate="1" branch-rate="1" complexity="1">
              <lines />
            </method>
            <method name="set_Scheme" signature="(...)" line-rate="1" branch-rate="1" complexity="1">
              <lines />
            </method>
            <method name="get_Host" signature="()" line-rate="1" branch-rate="1" complexity="1">
              <lines />
            </method>
            <method name="set_Host" signature="(...)" line-rate="1" branch-rate="1" complexity="1">
              <lines />
            </method>
            <method name="get_Port" signature="()" line-rate="1" branch-rate="1" complexity="1">
              <lines />
            </method>
            <method name="set_Port" signature="(...)" line-rate="1" branch-rate="1" complexity="1">
              <lines />
            </method>
            <method name="get_Path" signature="()" line-rate="1" branch-rate="1" complexity="1">
              <lines />
            </method>
            <method name="set_Path" signature="(...)" line-rate="1" branch-rate="1" complexity="1">
              <lines />
            </method>
            <method name="Create" signature="()" line-rate="1" branch-rate="1" complexity="1">
              <lines />
            </method>
            <method name="Equals" signature="(...)" line-rate="1" branch-rate="1" complexity="1">
              <lines />
            </method>
            <method name="Equals" signature="(...)" line-rate="1" branch-rate="1" complexity="2">
              <lines />
            </method>
            <method name="GetHashCode" signature="()" line-rate="1" branch-rate="1" complexity="2">
              <lines />
            </method>
            <method name="op_Equality" signature="(...)" line-rate="1" branch-rate="1" complexity="1">
              <lines />
            </method>
            <method name="op_Inequality" signature="(...)" line-rate="1" branch-rate="1" complexity="1">
              <lines />
            </method>
            <method name="Get&lt;T&gt;" signature="(...)" line-rate="1" branch-rate="1" complexity="2">
              <lines />
            </method>
            <method name="Set" signature="(...)" line-rate="1" branch-rate="1" complexity="1">
              <lines />
            </method>
          </methods>
          <lines />
        </class>
        <class name="Microsoft.Owin.BuilderProperties.AddressCollection" filename="/_/src/Microsoft.Owin/BuilderProperties/AddressCollection.cs" line-rate="1" branch-rate="1" complexity="17">
          <methods>
            <method name=".ctor" signature="(...)" line-rate="1" branch-rate="1" complexity="1">
              <lines />
            </method>
            <method name="get_List" signature="()" line-rate="1" branch-rate="1" complexity="1">
              <lines />
            </method>
            <method name="get_Count" signature="()" line-rate="1" branch-rate="1" complexity="1">
              <lines />
            </method>
            <method name="get_Item" signature="(...)" line-rate="1" branch-rate="1" complexity="1">
              <lines />
            </method>
            <method name="set_Item" signature="(...)" line-rate="1" branch-rate="1" complexity="1">
              <lines />
            </method>
            <method name="Add" signature="(...)" line-rate="1" branch-rate="1" complexity="1">
              <lines />
            </method>
            <method name="System.Collections.IEnumerable.GetEnumerator" signature="()" line-rate="1" branch-rate="1" complexity="1">
              <lines />
            </method>
            <method name="Create" signature="()" line-rate="1" branch-rate="1" complexity="1">
              <lines />
            </method>
            <method name="Equals" signature="(...)" line-rate="1" branch-rate="1" complexity="1">
              <lines />
            </method>
            <method name="Equals" signature="(...)" line-rate="1" branch-rate="1" complexity="2">
              <lines />
            </method>
            <method name="GetHashCode" signature="()" line-rate="1" branch-rate="1" complexity="2">
              <lines />
            </method>
            <method name="op_Equality" signature="(...)" line-rate="1" branch-rate="1" complexity="1">
              <lines />
            </method>
            <method name="op_Inequality" signature="(...)" line-rate="1" branch-rate="1" complexity="1">
              <lines />
            </method>
            <method name="MoveNext" signature="()" line-rate="1" branch-rate="1" complexity="2">
              <lines />
            </method>
          </methods>
          <lines />
        </class>
        <class name="Microsoft.Owin.BuilderProperties.AppProperties" filename="/_/src/Microsoft.Owin/BuilderProperties/AppProperties.cs" line-rate="1" branch-rate="1" complexity="28">
          <methods>
            <method name=".ctor" signature="(...)" line-rate="1" branch-rate="1" complexity="1">
              <lines />
            </method>
            <method name="get_OwinVersion" signature="()" line-rate="1" branch-rate="1" complexity="1">
              <lines />
            </method>
            <method name="set_OwinVersion" signature="(...)" line-rate="1" branch-rate="1" complexity="1">
              <lines />
            </method>
            <method name="get_DefaultApp" signature="()" line-rate="1" branch-rate="1" complexity="1">
              <lines />
            </method>
            <method name="set_DefaultApp" signature="(...)" line-rate="1" branch-rate="1" complexity="1">
              <lines />
            </method>
            <method name="get_AddSignatureConversionDelegate" signature="()" line-rate="1" branch-rate="1" complexity="1">
              <lines />
            </method>
            <method name="set_AddSignatureConversionDelegate" signature="(...)" line-rate="1" branch-rate="1" complexity="1">
              <lines />
            </method>
            <method name="get_AppName" signature="()" line-rate="1" branch-rate="1" complexity="1">
              <lines />
            </method>
            <method name="set_AppName" signature="(...)" line-rate="1" branch-rate="1" complexity="1">
              <lines />
            </method>
            <method name="get_TraceOutput" signature="()" line-rate="1" branch-rate="1" complexity="1">
              <lines />
            </method>
            <method name="set_TraceOutput" signature="(...)" line-rate="1" branch-rate="1" complexity="1">
              <lines />
            </method>
            <method name="get_OnAppDisposing" signature="()" line-rate="1" branch-rate="1" complexity="1">
              <lines />
            </method>
            <method name="set_OnAppDisposing" signature="(...)" line-rate="1" branch-rate="1" complexity="1">
              <lines />
            </method>
            <method name="get_Addresses" signature="()" line-rate="1" branch-rate="1" complexity="1">
              <lines />
            </method>
            <method name="set_Addresses" signature="(...)" line-rate="1" branch-rate="1" complexity="1">
              <lines />
            </method>
            <method name="get_Capabilities" signature="()" line-rate="1" branch-rate="1" complexity="1">
              <lines />
            </method>
            <method name="set_Capabilities" signature="(...)" line-rate="1" branch-rate="1" complexity="1">
              <lines />
            </method>
            <method name="get_Dictionary" signature="()" line-rate="1" branch-rate="1" complexity="1">
              <lines />
            </method>
            <method name="Equals" signature="(...)" line-rate="1" branch-rate="1" complexity="1">
              <lines />
            </method>
            <method name="Equals" signature="(...)" line-rate="1" branch-rate="1" complexity="2">
              <lines />
            </method>
            <method name="GetHashCode" signature="()" line-rate="1" branch-rate="1" complexity="2">
              <lines />
            </method>
            <method name="op_Equality" signature="(...)" line-rate="1" branch-rate="1" complexity="1">
              <lines />
            </method>
            <method name="op_Inequality" signature="(...)" line-rate="1" branch-rate="1" complexity="1">
              <lines />
            </method>
            <method name="Get&lt;T&gt;" signature="(...)" line-rate="1" branch-rate="1" complexity="2">
              <lines />
            </method>
            <method name="Set" signature="(...)" line-rate="1" branch-rate="1" complexity="1">
              <lines />
            </method>
          </methods>
          <lines />
        </class>
        <class name="Microsoft.Owin.BuilderProperties.Capabilities" filename="/_/src/Microsoft.Owin/BuilderProperties/Capabilities.cs" line-rate="1" branch-rate="1" complexity="17">
          <methods>
            <method name=".ctor" signature="(...)" line-rate="1" branch-rate="1" complexity="1">
              <lines />
            </method>
            <method name="get_Dictionary" signature="()" line-rate="1" branch-rate="1" complexity="1">
              <lines />
            </method>
            <method name="get_SendFileVersion" signature="()" line-rate="1" branch-rate="1" complexity="1">
              <lines />
            </method>
            <method name="set_SendFileVersion" signature="(...)" line-rate="1" branch-rate="1" complexity="1">
              <lines />
            </method>
            <method name="get_WebSocketVersion" signature="()" line-rate="1" branch-rate="1" complexity="1">
              <lines />
            </method>
            <method name="set_WebSocketVersion" signature="(...)" line-rate="1" branch-rate="1" complexity="1">
              <lines />
            </method>
            <method name="Create" signature="()" line-rate="1" branch-rate="1" complexity="1">
              <lines />
            </method>
            <method name="Equals" signature="(...)" line-rate="1" branch-rate="1" complexity="1">
              <lines />
            </method>
            <method name="Equals" signature="(...)" line-rate="1" branch-rate="1" complexity="2">
              <lines />
            </method>
            <method name="GetHashCode" signature="()" line-rate="1" branch-rate="1" complexity="2">
              <lines />
            </method>
            <method name="op_Equality" signature="(...)" line-rate="1" branch-rate="1" complexity="1">
              <lines />
            </method>
            <method name="op_Inequality" signature="(...)" line-rate="1" branch-rate="1" complexity="1">
              <lines />
            </method>
            <method name="Get&lt;T&gt;" signature="(...)" line-rate="1" branch-rate="1" complexity="2">
              <lines />
            </method>
            <method name="Set" signature="(...)" line-rate="1" branch-rate="1" complexity="1">
              <lines />
            </method>
          </methods>
          <lines />
        </class>
        <class name="Microsoft.Owin.CookieOptions" filename="/_/src/Microsoft.Owin/CookieOptions.cs" line-rate="1" branch-rate="1" complexity="13">
          <methods>
            <method name=".ctor" signature="()" line-rate="1" branch-rate="1" complexity="1">
              <lines />
            </method>
            <method name="get_Domain" signature="()" line-rate="1" branch-rate="1" complexity="1">
              <lines />
            </method>
            <method name="set_Domain" signature="(...)" line-rate="1" branch-rate="1" complexity="1">
              <lines />
            </method>
            <method name="get_Path" signature="()" line-rate="1" branch-rate="1" complexity="1">
              <lines />
            </method>
            <method name="set_Path" signature="(...)" line-rate="1" branch-rate="1" complexity="1">
              <lines />
            </method>
            <method name="get_Expires" signature="()" line-rate="1" branch-rate="1" complexity="1">
              <lines />
            </method>
            <method name="set_Expires" signature="(...)" line-rate="1" branch-rate="1" complexity="1">
              <lines />
            </method>
            <method name="get_Secure" signature="()" line-rate="1" branch-rate="1" complexity="1">
              <lines />
            </method>
            <method name="set_Secure" signature="(...)" line-rate="1" branch-rate="1" complexity="1">
              <lines />
            </method>
            <method name="get_HttpOnly" signature="()" line-rate="1" branch-rate="1" complexity="1">
              <lines />
            </method>
            <method name="set_HttpOnly" signature="(...)" line-rate="1" branch-rate="1" complexity="1">
              <lines />
            </method>
            <method name="get_SameSite" signature="()" line-rate="1" branch-rate="1" complexity="1">
              <lines />
            </method>
            <method name="set_SameSite" signature="(...)" line-rate="1" branch-rate="1" complexity="1">
              <lines />
            </method>
          </methods>
          <lines />
        </class>
        <class name="Microsoft.Owin.Extensions.IntegratedPipelineExtensions" filename="/_/src/Microsoft.Owin/Extensions/IntegratedPipelineExtensions.cs" line-rate="1" branch-rate="1" complexity="5">
          <methods>
            <method name="UseStageMarker" signature="(...)" line-rate="1" branch-rate="1" complexity="4">
              <lines />
            </method>
            <method name="UseStageMarker" signature="(...)" line-rate="1" branch-rate="1" complexity="1">
              <lines />
            </method>
          </methods>
          <lines />
        </class>
        <class name="Microsoft.Owin.Extensions.UseHandlerMiddleware" filename="/_/src/Microsoft.Owin/Extensions/UseHandlerMiddleware.cs" line-rate="1" branch-rate="1" complexity="5">
          <methods>
            <method name=".ctor" signature="(...)" line-rate="1" branch-rate="1" complexity="2">
              <lines />
            </method>
            <method name=".ctor" signature="(...)" line-rate="1" branch-rate="1" complexity="2">
              <lines />
            </method>
            <method name="Invoke" signature="(...)" line-rate="1" branch-rate="1" complexity="1">
              <lines />
            </method>
          </methods>
          <lines />
        </class>
        <class name="Microsoft.Owin.FormCollection" filename="/_/src/Microsoft.Owin/FormCollection.cs" line-rate="1" branch-rate="1" complexity="1">
          <methods>
            <method name=".ctor" signature="(...)" line-rate="1" branch-rate="1" complexity="1">
              <lines />
            </method>
          </methods>
          <lines />
        </class>
        <class name="Microsoft.Owin.HeaderDictionary" filename="/_/src/Microsoft.Owin/HeaderDictionary.cs" line-rate="1" branch-rate="1" complexity="33">
          <methods>
            <method name=".ctor" signature="(...)" line-rate="1" branch-rate="1" complexity="2">
              <lines />
            </method>
            <method name="get_Store" signature="()" line-rate="1" branch-rate="1" complexity="1">
              <lines />
            </method>
            <method name="set_Store" signature="(...)" line-rate="1" branch-rate="1" complexity="1">
              <lines />
            </method>
            <method name="get_Keys" signature="()" line-rate="1" branch-rate="1" complexity="1">
              <lines />
            </method>
            <method name="get_Values" signature="()" line-rate="1" branch-rate="1" complexity="1">
              <lines />
            </method>
            <method name="get_Count" signature="()" line-rate="1" branch-rate="1" complexity="1">
              <lines />
            </method>
            <method name="get_IsReadOnly" signature="()" line-rate="1" branch-rate="1" complexity="1">
              <lines />
            </method>
            <method name="get_Item" signature="(...)" line-rate="1" branch-rate="1" complexity="1">
              <lines />
            </method>
            <method name="set_Item" signature="(...)" line-rate="1" branch-rate="1" complexity="1">
              <lines />
            </method>
            <method name="System.Collections.Generic.IDictionary&lt;System.String,System.String[]&gt;.get_Item" signature="(...)" line-rate="1" branch-rate="1" complexity="1">
              <lines />
            </method>
            <method name="System.Collections.Generic.IDictionary&lt;System.String,System.String[]&gt;.set_Item" signature="(...)" line-rate="1" branch-rate="1" complexity="1">
              <lines />
            </method>
            <method name="GetEnumerator" signature="()" line-rate="1" branch-rate="1" complexity="1">
              <lines />
            </method>
            <method name="System.Collections.IEnumerable.GetEnumerator" signature="()" line-rate="1" branch-rate="1" complexity="1">
              <lines />
            </method>
            <method name="Get" signature="(...)" line-rate="1" branch-rate="1" complexity="1">
              <lines />
            </method>
            <method name="GetValues" signature="(...)" line-rate="1" branch-rate="1" complexity="1">
              <lines />
            </method>
            <method name="GetCommaSeparatedValues" signature="(...)" line-rate="1" branch-rate="1" complexity="2">
              <lines />
            </method>
            <method name="Append" signature="(...)" line-rate="1" branch-rate="1" complexity="1">
              <lines />
            </method>
            <method name="AppendValues" signature="(...)" line-rate="1" branch-rate="1" complexity="1">
              <lines />
            </method>
            <method name="AppendCommaSeparatedValues" signature="(...)" line-rate="1" branch-rate="1" complexity="1">
              <lines />
            </method>
            <method name="Set" signature="(...)" line-rate="1" branch-rate="1" complexity="1">
              <lines />
            </method>
            <method name="SetValues" signature="(...)" line-rate="1" branch-rate="1" complexity="1">
              <lines />
            </method>
            <method name="SetCommaSeparatedValues" signature="(...)" line-rate="1" branch-rate="1" complexity="1">
              <lines />
            </method>
            <method name="Add" signature="(...)" line-rate="1" branch-rate="1" complexity="1">
              <lines />
            </method>
            <method name="ContainsKey" signature="(...)" line-rate="1" branch-rate="1" complexity="1">
              <lines />
            </method>
            <method name="Remove" signature="(...)" line-rate="1" branch-rate="1" complexity="1">
              <lines />
            </method>
            <method name="TryGetValue" signature="(...)" line-rate="1" branch-rate="1" complexity="1">
              <lines />
            </method>
            <method name="Add" signature="(...)" line-rate="1" branch-rate="1" complexity="1">
              <lines />
            </method>
            <method name="Clear" signature="()" line-rate="1" branch-rate="1" complexity="1">
              <lines />
            </method>
            <method name="Contains" signature="(...)" line-rate="1" branch-rate="1" complexity="1">
              <lines />
            </method>
            <method name="CopyTo" signature="(...)" line-rate="1" branch-rate="1" complexity="1">
              <lines />
            </method>
            <method name="Remove" signature="(...)" line-rate="1" branch-rate="1" complexity="1">
              <lines />
            </method>
          </methods>
          <lines />
        </class>
        <class name="Microsoft.Owin.Helpers.WebHelpers" filename="/_/src/Microsoft.Owin/Helpers/WebHelpers.cs" line-rate="1" branch-rate="1" complexity="1">
          <methods>
            <method name="ParseForm" signature="(...)" line-rate="1" branch-rate="1" complexity="1">
              <lines />
            </method>
          </methods>
          <lines />
        </class>
        <class name="Microsoft.Owin.HostString" filename="/_/src/Microsoft.Owin/HostString.cs" line-rate="1" branch-rate="1" complexity="40">
          <methods>
            <method name=".ctor" signature="(...)" line-rate="1" branch-rate="1" complexity="1">
              <lines />
            </method>
            <method name="get_Value" signature="()" line-rate="1" branch-rate="1" complexity="1">
              <lines />
            </method>
            <method name="ToString" signature="()" line-rate="1" branch-rate="1" complexity="1">
              <lines />
            </method>
            <method name="ToUriComponent" signature="()" line-rate="1" branch-rate="1" complexity="12">
              <lines />
            </method>
            <method name="FromUriComponent" signature="(...)" line-rate="1" branch-rate="1" complexity="14">
              <lines />
            </method>
            <method name="FromUriComponent" signature="(...)" line-rate="1" branch-rate="1" complexity="2">
              <lines />
            </method>
            <method name="Equals" signature="(...)" line-rate="1" branch-rate="1" complexity="1">
              <lines />
            </method>
            <method name="Equals" signature="(...)" line-rate="1" branch-rate="1" complexity="4">
              <lines />
            </method>
            <method name="GetHashCode" signature="()" line-rate="1" branch-rate="1" complexity="2">
              <lines />
            </method>
            <method name="op_Equality" signature="(...)" line-rate="1" branch-rate="1" complexity="1">
              <lines />
            </method>
            <method name="op_Inequality" signature="(...)" line-rate="1" branch-rate="1" complexity="1">
              <lines />
            </method>
          </methods>
          <lines />
        </class>
        <class name="Microsoft.Owin.Infrastructure.AppFuncTransition" filename="/_/src/Microsoft.Owin/Infrastructure/AppFuncTransition.cs" line-rate="1" branch-rate="1" complexity="3">
          <methods>
            <method name=".ctor" signature="(...)" line-rate="1" branch-rate="1" complexity="1">
              <lines />
            </method>
            <method name="Invoke" signature="(...)" line-rate="1" branch-rate="1" complexity="2">
              <lines />
            </method>
          </methods>
          <lines />
        </class>
        <class name="Microsoft.Owin.Infrastructure.ChunkingCookieManager" filename="/_/src/Microsoft.Owin/Infrastructure/ChunkingCookieManager.cs" line-rate="1" branch-rate="1" complexity="100">
          <methods>
            <method name=".ctor" signature="()" line-rate="1" branch-rate="1" complexity="1">
              <lines />
            </method>
            <method name="get_ChunkSize" signature="()" line-rate="1" branch-rate="1" complexity="1">
              <lines />
            </method>
            <method name="set_ChunkSize" signature="(...)" line-rate="1" branch-rate="1" complexity="1">
              <lines />
            </method>
            <method name="get_ThrowForPartialCookies" signature="()" line-rate="1" branch-rate="1" complexity="1">
              <lines />
            </method>
            <method name="set_ThrowForPartialCookies" signature="(...)" line-rate="1" branch-rate="1" complexity="1">
              <lines />
            </method>
            <method name="ParseChunksCount" signature="(...)" line-rate="1" branch-rate="1" complexity="6">
              <lines />
            </method>
            <method name="GetRequestCookie" signature="(...)" line-rate="1" branch-rate="1" complexity="16">
              <lines />
            </method>
            <method name="AppendResponseCookie" signature="(...)" line-rate="1" branch-rate="1" complexity="48">
              <lines />
            </method>
            <method name="DeleteCookie" signature="(...)" line-rate="1" branch-rate="1" complexity="18">
              <lines />
            </method>
            <method name="IsQuoted" signature="(...)" line-rate="1" branch-rate="1" complexity="4">
              <lines />
            </method>
            <method name="RemoveQuotes" signature="(...)" line-rate="1" branch-rate="1" complexity="1">
              <lines />
            </method>
            <method name="Quote" signature="(...)" line-rate="1" branch-rate="1" complexity="1">
              <lines />
            </method>
            <method name="GetStringRepresentationOfSameSite" signature="(...)" line-rate="1" branch-rate="1" complexity="1">
              <lines />
            </method>
          </methods>
          <lines />
        </class>
        <class name="Microsoft.Owin.Infrastructure.CookieManager" filename="/_/src/Microsoft.Owin/Infrastructure/CookieManager.cs" line-rate="1" branch-rate="1" complexity="10">
          <methods>
            <method name="GetRequestCookie" signature="(...)" line-rate="1" branch-rate="1" complexity="2">
              <lines />
            </method>
            <method name="AppendResponseCookie" signature="(...)" line-rate="1" branch-rate="1" complexity="4">
              <lines />
            </method>
            <method name="DeleteCookie" signature="(...)" line-rate="1" branch-rate="1" complexity="4">
              <lines />
            </method>
          </methods>
          <lines />
        </class>
        <class name="Microsoft.Owin.Infrastructure.HeaderSegment" filename="/_/src/Microsoft.Owin/Infrastructure/OwinHelpers.cs" line-rate="1" branch-rate="1" complexity="12">
          <methods>
            <method name=".ctor" signature="(...)" line-rate="1" branch-rate="1" complexity="1">
              <lines />
            </method>
            <method name="get_Formatting" signature="()" line-rate="1" branch-rate="1" complexity="1">
              <lines />
            </method>
            <method name="get_Data" signature="()" line-rate="1" branch-rate="1" complexity="1">
              <lines />
            </method>
            <method name="Equals" signature="(...)" line-rate="1" branch-rate="1" complexity="2">
              <lines />
            </method>
            <method name="Equals" signature="(...)" line-rate="1" branch-rate="1" complexity="4">
              <lines />
            </method>
            <method name="GetHashCode" signature="()" line-rate="1" branch-rate="1" complexity="1">
              <lines />
            </method>
            <method name="op_Equality" signature="(...)" line-rate="1" branch-rate="1" complexity="1">
              <lines />
            </method>
            <method name="op_Inequality" signature="(...)" line-rate="1" branch-rate="1" complexity="1">
              <lines />
            </method>
          </methods>
          <lines />
        </class>
        <class name="Microsoft.Owin.Infrastructure.HeaderSegmentCollection" filename="/_/src/Microsoft.Owin/Infrastructure/OwinHelpers.cs" line-rate="1" branch-rate="1" complexity="58">
          <methods>
            <method name=".ctor" signature="(...)" line-rate="1" branch-rate="1" complexity="1">
              <lines />
            </method>
            <method name="Equals" signature="(...)" line-rate="1" branch-rate="1" complexity="1">
              <lines />
            </method>
            <method name="Equals" signature="(...)" line-rate="1" branch-rate="1" complexity="4">
              <lines />
            </method>
            <method name="GetHashCode" signature="()" line-rate="1" branch-rate="1" complexity="2">
              <lines />
            </method>
            <method name="op_Equality" signature="(...)" line-rate="1" branch-rate="1" complexity="1">
              <lines />
            </method>
            <method name="op_Inequality" signature="(...)" line-rate="1" branch-rate="1" complexity="1">
              <lines />
            </method>
            <method name="GetEnumerator" signature="()" line-rate="1" branch-rate="1" complexity="1">
              <lines />
            </method>
            <method name="System.Collections.Generic.IEnumerable&lt;Microsoft.Owin.Infrastructure.HeaderSegment&gt;.GetEnumerator" signature="()" line-rate="1" branch-rate="1" complexity="1">
              <lines />
            </method>
            <method name="System.Collections.IEnumerable.GetEnumerator" signature="()" line-rate="1" branch-rate="1" complexity="1">
              <lines />
            </method>
            <method name=".ctor" signature="(...)" line-rate="1" branch-rate="1" complexity="2">
              <lines />
            </method>
            <method name="get_Current" signature="()" line-rate="1" branch-rate="1" complexity="1">
              <lines />
            </method>
            <method name="System.Collections.IEnumerator.get_Current" signature="()" line-rate="1" branch-rate="1" complexity="1">
              <lines />
            </method>
            <method name="Dispose" signature="()" line-rate="1" branch-rate="1" complexity="1">
              <lines />
            </method>
            <method name="MoveNext" signature="()" line-rate="1" branch-rate="1" complexity="38">
              <lines />
            </method>
            <method name="Reset" signature="()" line-rate="1" branch-rate="1" complexity="1">
              <lines />
            </method>
            <method name=".cctor" signature="()" line-rate="1" branch-rate="1" complexity="1">
              <lines />
            </method>
          </methods>
          <lines />
        </class>
        <class name="Microsoft.Owin.Infrastructure.HeaderSegmentCollection.Enumerator" filename="/_/src/Microsoft.Owin/Infrastructure/OwinHelpers.cs" line-rate="1" branch-rate="1" complexity="45">
          <methods>
            <method name=".ctor" signature="(...)" line-rate="1" branch-rate="1" complexity="2">
              <lines />
            </method>
            <method name="get_Current" signature="()" line-rate="1" branch-rate="1" complexity="1">
              <lines />
            </method>
            <method name="System.Collections.IEnumerator.get_Current" signature="()" line-rate="1" branch-rate="1" complexity="1">
              <lines />
            </method>
            <method name="Dispose" signature="()" line-rate="1" branch-rate="1" complexity="1">
              <lines />
            </method>
            <method name="MoveNext" signature="()" line-rate="1" branch-rate="1" complexity="38">
              <lines />
            </method>
            <method name="Reset" signature="()" line-rate="1" branch-rate="1" complexity="1">
              <lines />
            </method>
            <method name=".cctor" signature="()" line-rate="1" branch-rate="1" complexity="1">
              <lines />
            </method>
          </methods>
          <lines />
        </class>
        <class name="Microsoft.Owin.Infrastructure.OwinHelpers" filename="/_/src/Microsoft.Owin/Infrastructure/OwinHelpers.cs" line-rate="1" branch-rate="1" complexity="115">
          <methods>
            <method name="GetCookies" signature="(...)" line-rate="1" branch-rate="1" complexity="4">
              <lines />
            </method>
            <method name="ParseDelimited" signature="(...)" line-rate="1" branch-rate="1" complexity="18">
              <lines />
            </method>
            <method name="GetHeader" signature="(...)" line-rate="1" branch-rate="1" complexity="2">
              <lines />
            </method>
            <method name="GetHeaderSplit" signature="(...)" line-rate="1" branch-rate="1" complexity="2">
              <lines />
            </method>
            <method name="GetHeaderUnmodified" signature="(...)" line-rate="1" branch-rate="1" complexity="4">
              <lines />
            </method>
            <method name="SetHeader" signature="(...)" line-rate="1" branch-rate="1" complexity="6">
              <lines />
            </method>
            <method name="SetHeaderJoined" signature="(...)" line-rate="1" branch-rate="1" complexity="10">
              <lines />
            </method>
            <method name="QuoteIfNeeded" signature="(...)" line-rate="1" branch-rate="1" complexity="8">
              <lines />
            </method>
            <method name="DeQuote" signature="(...)" line-rate="1" branch-rate="1" complexity="8">
              <lines />
            </method>
            <method name="SetHeaderUnmodified" signature="(...)" line-rate="1" branch-rate="1" complexity="8">
              <lines />
            </method>
            <method name="SetHeaderUnmodified" signature="(...)" line-rate="1" branch-rate="1" complexity="2">
              <lines />
            </method>
            <method name="AppendHeader" signature="(...)" line-rate="1" branch-rate="1" complexity="4">
              <lines />
            </method>
            <method name="AppendHeaderJoined" signature="(...)" line-rate="1" branch-rate="1" complexity="8">
              <lines />
            </method>
            <method name="AppendHeaderUnmodified" signature="(...)" line-rate="1" branch-rate="1" complexity="6">
              <lines />
            </method>
            <method name="GetQuery" signature="(...)" line-rate="1" branch-rate="1" complexity="6">
              <lines />
            </method>
            <method name="GetForm" signature="(...)" line-rate="1" branch-rate="1" complexity="2">
              <lines />
            </method>
            <method name="GetJoinedValue" signature="(...)" line-rate="1" branch-rate="1" complexity="2">
              <lines />
            </method>
            <method name="GetUnmodifiedValues" signature="(...)" line-rate="1" branch-rate="1" complexity="4">
              <lines />
            </method>
            <method name="GetHost" signature="(...)" line-rate="1" branch-rate="1" complexity="6">
              <lines />
            </method>
            <method name=".cctor" signature="()" line-rate="1" branch-rate="1" complexity="1">
              <lines />
            </method>
            <method name="MoveNext" signature="()" line-rate="1" branch-rate="1" complexity="4">
              <lines />
            </method>
          </methods>
          <lines />
        </class>
        <class name="Microsoft.Owin.Infrastructure.OwinMiddlewareTransition" filename="/_/src/Microsoft.Owin/Infrastructure/OwinMiddlewareTransition.cs" line-rate="1" branch-rate="1" complexity="2">
          <methods>
            <method name=".ctor" signature="(...)" line-rate="1" branch-rate="1" complexity="1">
              <lines />
            </method>
            <method name="Invoke" signature="(...)" line-rate="1" branch-rate="1" complexity="1">
              <lines />
            </method>
          </methods>
          <lines />
        </class>
        <class name="Microsoft.Owin.Infrastructure.PathStringHelper" filename="/_/src/Microsoft.Owin/Infrastructure/PathStringHelper.cs" line-rate="1" branch-rate="1" complexity="19">
          <methods>
            <method name="IsValidPathChar" signature="(...)" line-rate="1" branch-rate="1" complexity="2">
              <lines />
            </method>
            <method name="IsPercentEncodedChar" signature="(...)" line-rate="1" branch-rate="1" complexity="6">
              <lines />
            </method>
            <method name="IsHexadecimalChar" signature="(...)" line-rate="1" branch-rate="1" complexity="10">
              <lines />
            </method>
            <method name=".cctor" signature="()" line-rate="1" branch-rate="1" complexity="1">
              <lines />
            </method>
          </methods>
          <lines />
        </class>
        <class name="Microsoft.Owin.Infrastructure.SignatureConversions" filename="/_/src/Microsoft.Owin/Infrastructure/SignatureConversions.cs" line-rate="1" branch-rate="1" complexity="3">
          <methods>
            <method name="AddConversions" signature="(...)" line-rate="1" branch-rate="1" complexity="1">
              <lines />
            </method>
            <method name="Conversion1" signature="(...)" line-rate="1" branch-rate="1" complexity="1">
              <lines />
            </method>
            <method name="Conversion2" signature="(...)" line-rate="1" branch-rate="1" complexity="1">
              <lines />
            </method>
          </methods>
          <lines />
        </class>
        <class name="Microsoft.Owin.Infrastructure.StringSegment" filename="/_/src/Microsoft.Owin/Infrastructure/OwinHelpers.cs" line-rate="1" branch-rate="1" complexity="44">
          <methods>
            <method name=".ctor" signature="(...)" line-rate="1" branch-rate="1" complexity="1">
              <lines />
            </method>
            <method name="get_Buffer" signature="()" line-rate="1" branch-rate="1" complexity="1">
              <lines />
            </method>
            <method name="get_Offset" signature="()" line-rate="1" branch-rate="1" complexity="1">
              <lines />
            </method>
            <method name="get_Count" signature="()" line-rate="1" branch-rate="1" complexity="1">
              <lines />
            </method>
            <method name="get_Value" signature="()" line-rate="1" branch-rate="1" complexity="2">
              <lines />
            </method>
            <method name="get_HasValue" signature="()" line-rate="1" branch-rate="1" complexity="4">
              <lines />
            </method>
            <method name="Equals" signature="(...)" line-rate="1" branch-rate="1" complexity="4">
              <lines />
            </method>
            <method name="Equals" signature="(...)" line-rate="1" branch-rate="1" complexity="4">
              <lines />
            </method>
            <method name="GetHashCode" signature="()" line-rate="1" branch-rate="1" complexity="2">
              <lines />
            </method>
            <method name="op_Equality" signature="(...)" line-rate="1" branch-rate="1" complexity="1">
              <lines />
            </method>
            <method name="op_Inequality" signature="(...)" line-rate="1" branch-rate="1" complexity="1">
              <lines />
            </method>
            <method name="StartsWith" signature="(...)" line-rate="1" branch-rate="1" complexity="6">
              <lines />
            </method>
            <method name="EndsWith" signature="(...)" line-rate="1" branch-rate="1" complexity="6">
              <lines />
            </method>
            <method name="Equals" signature="(...)" line-rate="1" branch-rate="1" complexity="6">
              <lines />
            </method>
            <method name="Substring" signature="(...)" line-rate="1" branch-rate="1" complexity="1">
              <lines />
            </method>
            <method name="Subsegment" signature="(...)" line-rate="1" branch-rate="1" complexity="1">
              <lines />
            </method>
            <method name="ToString" signature="()" line-rate="1" branch-rate="1" complexity="2">
              <lines />
            </method>
          </methods>
          <lines />
        </class>
        <class name="Microsoft.Owin.Infrastructure.SystemClock" filename="/_/src/Microsoft.Owin/Infrastructure/SystemClock.cs" line-rate="1" branch-rate="1" complexity="1">
          <methods>
            <method name="get_UtcNow" signature="()" line-rate="1" branch-rate="1" complexity="1">
              <lines />
            </method>
          </methods>
          <lines />
        </class>
        <class name="Microsoft.Owin.Infrastructure.WebUtilities" filename="/_/src/Microsoft.Owin/Infrastructure/WebUtils.cs" line-rate="1" branch-rate="1" complexity="22">
          <methods>
            <method name="AddQueryString" signature="(...)" line-rate="1" branch-rate="1" complexity="6">
              <lines />
            </method>
            <method name="AddQueryString" signature="(...)" line-rate="1" branch-rate="1" complexity="8">
              <lines />
            </method>
            <method name="AddQueryString" signature="(...)" line-rate="1" branch-rate="1" complexity="8">
              <lines />
            </method>
          </methods>
          <lines />
        </class>
        <class name="Microsoft.Owin.Logging.AppBuilderLoggerExtensions" filename="/_/src/Microsoft.Owin/Logging/AppBuilderLoggerExtensions.cs" line-rate="1" branch-rate="1" complexity="21">
          <methods>
            <method name="SetLoggerFactory" signature="(...)" line-rate="1" branch-rate="1" complexity="2">
              <lines />
            </method>
            <method name="GetLoggerFactory" signature="(...)" line-rate="1" branch-rate="1" complexity="6">
              <lines />
            </method>
            <method name="CreateLogger" signature="(...)" line-rate="1" branch-rate="1" complexity="4">
              <lines />
            </method>
            <method name="CreateLogger" signature="(...)" line-rate="1" branch-rate="1" complexity="2">
              <lines />
            </method>
            <method name="CreateLogger&lt;TType&gt;" signature="(...)" line-rate="1" branch-rate="1" complexity="1">
              <lines />
            </method>
            <method name=".ctor" signature="(...)" line-rate="1" branch-rate="1" complexity="2">
              <lines />
            </method>
            <method name="Create" signature="(...)" line-rate="1" branch-rate="1" complexity="1">
              <lines />
            </method>
            <method name=".ctor" signature="(...)" line-rate="1" branch-rate="1" complexity="2">
              <lines />
            </method>
            <method name="WriteCore" signature="(...)" line-rate="1" branch-rate="1" complexity="1">
              <lines />
            </method>
          </methods>
          <lines />
        </class>
        <class name="Microsoft.Owin.Logging.AppBuilderLoggerExtensions.WrapLoggerFactory" filename="/_/src/Microsoft.Owin/Logging/AppBuilderLoggerExtensions.cs" line-rate="1" branch-rate="1" complexity="3">
          <methods>
            <method name=".ctor" signature="(...)" line-rate="1" branch-rate="1" complexity="2">
              <lines />
            </method>
            <method name="Create" signature="(...)" line-rate="1" branch-rate="1" complexity="1">
              <lines />
            </method>
          </methods>
          <lines />
        </class>
        <class name="Microsoft.Owin.Logging.AppBuilderLoggerExtensions.WrappingLogger" filename="/_/src/Microsoft.Owin/Logging/AppBuilderLoggerExtensions.cs" line-rate="1" branch-rate="1" complexity="3">
          <methods>
            <method name=".ctor" signature="(...)" line-rate="1" branch-rate="1" complexity="2">
              <lines />
            </method>
            <method name="WriteCore" signature="(...)" line-rate="1" branch-rate="1" complexity="1">
              <lines />
            </method>
          </methods>
          <lines />
        </class>
        <class name="Microsoft.Owin.Logging.DiagnosticsLogger" filename="/_/src/Microsoft.Owin/Logging/DiagnosticsLogger.cs" line-rate="1" branch-rate="1" complexity="5">
          <methods>
            <method name=".ctor" signature="(...)" line-rate="1" branch-rate="1" complexity="1">
              <lines />
            </method>
            <method name="WriteCore" signature="(...)" line-rate="1" branch-rate="1" complexity="4">
              <lines />
            </method>
          </methods>
          <lines />
        </class>
        <class name="Microsoft.Owin.Logging.DiagnosticsLoggerFactory" filename="/_/src/Microsoft.Owin/Logging/DiagnosticsLoggerFactory.cs" line-rate="1" branch-rate="1" complexity="21">
          <methods>
            <method name=".ctor" signature="()" line-rate="1" branch-rate="1" complexity="1">
              <lines />
            </method>
            <method name=".ctor" signature="(...)" line-rate="1" branch-rate="1" complexity="2">
              <lines />
            </method>
            <method name="Create" signature="(...)" line-rate="1" branch-rate="1" complexity="1">
              <lines />
            </method>
            <method name="GetOrAddTraceSource" signature="(...)" line-rate="1" branch-rate="1" complexity="1">
              <lines />
            </method>
            <method name="InitializeTraceSource" signature="(...)" line-rate="1" branch-rate="1" complexity="10">
              <lines />
            </method>
            <method name="ParentSourceName" signature="(...)" line-rate="1" branch-rate="1" complexity="2">
              <lines />
            </method>
            <method name="HasDefaultListeners" signature="(...)" line-rate="1" branch-rate="1" complexity="2">
              <lines />
            </method>
            <method name="HasDefaultSwitch" signature="(...)" line-rate="1" branch-rate="1" complexity="2">
              <lines />
            </method>
          </methods>
          <lines />
        </class>
        <class name="Microsoft.Owin.Logging.LoggerExtensions" filename="/_/src/Microsoft.Owin/Logging/LoggerExtensions.cs" line-rate="1" branch-rate="1" complexity="19">
          <methods>
            <method name="IsEnabled" signature="(...)" line-rate="1" branch-rate="1" complexity="2">
              <lines />
            </method>
            <method name="WriteVerbose" signature="(...)" line-rate="1" branch-rate="1" complexity="2">
              <lines />
            </method>
            <method name="WriteInformation" signature="(...)" line-rate="1" branch-rate="1" complexity="2">
              <lines />
            </method>
            <method name="WriteWarning" signature="(...)" line-rate="1" branch-rate="1" complexity="2">
              <lines />
            </method>
            <method name="WriteWarning" signature="(...)" line-rate="1" branch-rate="1" complexity="2">
              <lines />
            </method>
            <method name="WriteError" signature="(...)" line-rate="1" branch-rate="1" complexity="2">
              <lines />
            </method>
            <method name="WriteError" signature="(...)" line-rate="1" branch-rate="1" complexity="2">
              <lines />
            </method>
            <method name="WriteCritical" signature="(...)" line-rate="1" branch-rate="1" complexity="2">
              <lines />
            </method>
            <method name="WriteCritical" signature="(...)" line-rate="1" branch-rate="1" complexity="2">
              <lines />
            </method>
            <method name=".cctor" signature="()" line-rate="1" branch-rate="1" complexity="1">
              <lines />
            </method>
          </methods>
          <lines />
        </class>
        <class name="Microsoft.Owin.Logging.LoggerFactory" filename="/_/src/Microsoft.Owin/Logging/LoggerFactory.cs" line-rate="1" branch-rate="1" complexity="3">
          <methods>
            <method name=".cctor" signature="()" line-rate="1" branch-rate="1" complexity="1">
              <lines />
            </method>
            <method name="get_Default" signature="()" line-rate="1" branch-rate="1" complexity="1">
              <lines />
            </method>
            <method name="set_Default" signature="(...)" line-rate="1" branch-rate="1" complexity="1">
              <lines />
            </method>
          </methods>
          <lines />
        </class>
        <class name="Microsoft.Owin.Mapping.MapMiddleware" filename="/_/src/Microsoft.Owin/Mapping/MapMiddleware.cs" line-rate="1" branch-rate="1" complexity="6">
          <methods>
            <method name=".ctor" signature="(...)" line-rate="1" branch-rate="1" complexity="4">
              <lines />
            </method>
            <method name="MoveNext" signature="()" line-rate="1" branch-rate="1" complexity="2">
              <lines />
            </method>
          </methods>
          <lines />
        </class>
        <class name="Microsoft.Owin.Mapping.MapOptions" filename="/_/src/Microsoft.Owin/Mapping/MapOptions.cs" line-rate="1" branch-rate="1" complexity="4">
          <methods>
            <method name="get_PathMatch" signature="()" line-rate="1" branch-rate="1" complexity="1">
              <lines />
            </method>
            <method name="set_PathMatch" signature="(...)" line-rate="1" branch-rate="1" complexity="1">
              <lines />
            </method>
            <method name="get_Branch" signature="()" line-rate="1" branch-rate="1" complexity="1">
              <lines />
            </method>
            <method name="set_Branch" signature="(...)" line-rate="1" branch-rate="1" complexity="1">
              <lines />
            </method>
          </methods>
          <lines />
        </class>
        <class name="Microsoft.Owin.Mapping.MapWhenMiddleware" filename="/_/src/Microsoft.Owin/Mapping/MapWhenMiddleware.cs" line-rate="1" branch-rate="1" complexity="8">
          <methods>
            <method name=".ctor" signature="(...)" line-rate="1" branch-rate="1" complexity="4">
              <lines />
            </method>
            <method name="MoveNext" signature="()" line-rate="1" branch-rate="1" complexity="4">
              <lines />
            </method>
          </methods>
          <lines />
        </class>
        <class name="Microsoft.Owin.Mapping.MapWhenOptions" filename="/_/src/Microsoft.Owin/Mapping/MapWhenOptions.cs" line-rate="1" branch-rate="1" complexity="6">
          <methods>
            <method name="get_Predicate" signature="()" line-rate="1" branch-rate="1" complexity="1">
              <lines />
            </method>
            <method name="set_Predicate" signature="(...)" line-rate="1" branch-rate="1" complexity="1">
              <lines />
            </method>
            <method name="get_PredicateAsync" signature="()" line-rate="1" branch-rate="1" complexity="1">
              <lines />
            </method>
            <method name="set_PredicateAsync" signature="(...)" line-rate="1" branch-rate="1" complexity="1">
              <lines />
            </method>
            <method name="get_Branch" signature="()" line-rate="1" branch-rate="1" complexity="1">
              <lines />
            </method>
            <method name="set_Branch" signature="(...)" line-rate="1" branch-rate="1" complexity="1">
              <lines />
            </method>
          </methods>
          <lines />
        </class>
        <class name="Microsoft.Owin.OwinContext" filename="/_/src/Microsoft.Owin/OwinContext.cs" line-rate="1" branch-rate="1" complexity="15">
          <methods>
            <method name=".ctor" signature="()" line-rate="1" branch-rate="1" complexity="1">
              <lines />
            </method>
            <method name=".ctor" signature="(...)" line-rate="1" branch-rate="1" complexity="2">
              <lines />
            </method>
            <method name="get_Request" signature="()" line-rate="1" branch-rate="1" complexity="1">
              <lines />
            </method>
            <method name="set_Request" signature="(...)" line-rate="1" branch-rate="1" complexity="1">
              <lines />
            </method>
            <method name="get_Response" signature="()" line-rate="1" branch-rate="1" complexity="1">
              <lines />
            </method>
            <method name="set_Response" signature="(...)" line-rate="1" branch-rate="1" complexity="1">
              <lines />
            </method>
            <method name="get_Authentication" signature="()" line-rate="1" branch-rate="1" complexity="1">
              <lines />
            </method>
            <method name="get_Environment" signature="()" line-rate="1" branch-rate="1" complexity="1">
              <lines />
            </method>
            <method name="set_Environment" signature="(...)" line-rate="1" branch-rate="1" complexity="1">
              <lines />
            </method>
            <method name="get_TraceOutput" signature="()" line-rate="1" branch-rate="1" complexity="1">
              <lines />
            </method>
            <method name="set_TraceOutput" signature="(...)" line-rate="1" branch-rate="1" complexity="1">
              <lines />
            </method>
            <method name="Get&lt;T&gt;" signature="(...)" line-rate="1" branch-rate="1" complexity="2">
              <lines />
            </method>
            <method name="Set&lt;T&gt;" signature="(...)" line-rate="1" branch-rate="1" complexity="1">
              <lines />
            </method>
          </methods>
          <lines />
        </class>
        <class name="Microsoft.Owin.OwinMiddleware" filename="/_/src/Microsoft.Owin/OwinMiddleware.cs" line-rate="1" branch-rate="1" complexity="3">
          <methods>
            <method name=".ctor" signature="(...)" line-rate="1" branch-rate="1" complexity="1">
              <lines />
            </method>
            <method name="get_Next" signature="()" line-rate="1" branch-rate="1" complexity="1">
              <lines />
            </method>
            <method name="set_Next" signature="(...)" line-rate="1" branch-rate="1" complexity="1">
              <lines />
            </method>
          </methods>
          <lines />
        </class>
        <class name="Microsoft.Owin.OwinRequest" filename="/_/src/Microsoft.Owin/OwinRequest.cs" line-rate="1" branch-rate="1" complexity="61">
          <methods>
            <method name=".ctor" signature="()" line-rate="1" branch-rate="1" complexity="1">
              <lines />
            </method>
            <method name=".ctor" signature="(...)" line-rate="1" branch-rate="1" complexity="2">
              <lines />
            </method>
            <method name="get_Environment" signature="()" line-rate="1" branch-rate="1" complexity="1">
              <lines />
            </method>
            <method name="set_Environment" signature="(...)" line-rate="1" branch-rate="1" complexity="1">
              <lines />
            </method>
            <method name="get_Context" signature="()" line-rate="1" branch-rate="1" complexity="1">
              <lines />
            </method>
            <method name="get_Method" signature="()" line-rate="1" branch-rate="1" complexity="1">
              <lines />
            </method>
            <method name="set_Method" signature="(...)" line-rate="1" branch-rate="1" complexity="1">
              <lines />
            </method>
            <method name="get_Scheme" signature="()" line-rate="1" branch-rate="1" complexity="1">
              <lines />
            </method>
            <method name="set_Scheme" signature="(...)" line-rate="1" branch-rate="1" complexity="1">
              <lines />
            </method>
            <method name="get_IsSecure" signature="()" line-rate="1" branch-rate="1" complexity="1">
              <lines />
            </method>
            <method name="get_Host" signature="()" line-rate="1" branch-rate="1" complexity="1">
              <lines />
            </method>
            <method name="set_Host" signature="(...)" line-rate="1" branch-rate="1" complexity="1">
              <lines />
            </method>
            <method name="get_PathBase" signature="()" line-rate="1" branch-rate="1" complexity="1">
              <lines />
            </method>
            <method name="set_PathBase" signature="(...)" line-rate="1" branch-rate="1" complexity="1">
              <lines />
            </method>
            <method name="get_Path" signature="()" line-rate="1" branch-rate="1" complexity="1">
              <lines />
            </method>
            <method name="set_Path" signature="(...)" line-rate="1" branch-rate="1" complexity="1">
              <lines />
            </method>
            <method name="get_QueryString" signature="()" line-rate="1" branch-rate="1" complexity="1">
              <lines />
            </method>
            <method name="set_QueryString" signature="(...)" line-rate="1" branch-rate="1" complexity="1">
              <lines />
            </method>
            <method name="get_Query" signature="()" line-rate="1" branch-rate="1" complexity="1">
              <lines />
            </method>
            <method name="get_Uri" signature="()" line-rate="1" branch-rate="1" complexity="1">
              <lines />
            </method>
            <method name="get_Protocol" signature="()" line-rate="1" branch-rate="1" complexity="1">
              <lines />
            </method>
            <method name="set_Protocol" signature="(...)" line-rate="1" branch-rate="1" complexity="1">
              <lines />
            </method>
            <method name="get_Headers" signature="()" line-rate="1" branch-rate="1" complexity="1">
              <lines />
            </method>
            <method name="get_RawHeaders" signature="()" line-rate="1" branch-rate="1" complexity="1">
              <lines />
            </method>
            <method name="get_Cookies" signature="()" line-rate="1" branch-rate="1" complexity="1">
              <lines />
            </method>
            <method name="get_ContentType" signature="()" line-rate="1" branch-rate="1" complexity="1">
              <lines />
            </method>
            <method name="set_ContentType" signature="(...)" line-rate="1" branch-rate="1" complexity="1">
              <lines />
            </method>
            <method name="get_CacheControl" signature="()" line-rate="1" branch-rate="1" complexity="1">
              <lines />
            </method>
            <method name="set_CacheControl" signature="(...)" line-rate="1" branch-rate="1" complexity="1">
              <lines />
            </method>
            <method name="get_MediaType" signature="()" line-rate="1" branch-rate="1" complexity="1">
              <lines />
            </method>
            <method name="set_MediaType" signature="(...)" line-rate="1" branch-rate="1" complexity="1">
              <lines />
            </method>
            <method name="get_Accept" signature="()" line-rate="1" branch-rate="1" complexity="1">
              <lines />
            </method>
            <method name="set_Accept" signature="(...)" line-rate="1" branch-rate="1" complexity="1">
              <lines />
            </method>
            <method name="get_Body" signature="()" line-rate="1" branch-rate="1" complexity="1">
              <lines />
            </method>
            <method name="set_Body" signature="(...)" line-rate="1" branch-rate="1" complexity="1">
              <lines />
            </method>
            <method name="get_CallCancelled" signature="()" line-rate="1" branch-rate="1" complexity="1">
              <lines />
            </method>
            <method name="set_CallCancelled" signature="(...)" line-rate="1" branch-rate="1" complexity="1">
              <lines />
            </method>
            <method name="get_LocalIpAddress" signature="()" line-rate="1" branch-rate="1" complexity="1">
              <lines />
            </method>
            <method name="set_LocalIpAddress" signature="(...)" line-rate="1" branch-rate="1" complexity="1">
              <lines />
            </method>
            <method name="get_LocalPort" signature="()" line-rate="1" branch-rate="1" complexity="2">
              <lines />
            </method>
            <method name="set_LocalPort" signature="(...)" line-rate="1" branch-rate="1" complexity="2">
              <lines />
            </method>
            <method name="get_LocalPortString" signature="()" line-rate="1" branch-rate="1" complexity="1">
              <lines />
            </method>
            <method name="set_LocalPortString" signature="(...)" line-rate="1" branch-rate="1" complexity="1">
              <lines />
            </method>
            <method name="get_RemoteIpAddress" signature="()" line-rate="1" branch-rate="1" complexity="1">
              <lines />
            </method>
            <method name="set_RemoteIpAddress" signature="(...)" line-rate="1" branch-rate="1" complexity="1">
              <lines />
            </method>
            <method name="get_RemotePort" signature="()" line-rate="1" branch-rate="1" complexity="2">
              <lines />
            </method>
            <method name="set_RemotePort" signature="(...)" line-rate="1" branch-rate="1" complexity="2">
              <lines />
            </method>
            <method name="get_RemotePortString" signature="()" line-rate="1" branch-rate="1" complexity="1">
              <lines />
            </method>
            <method name="set_RemotePortString" signature="(...)" line-rate="1" branch-rate="1" complexity="1">
              <lines />
            </method>
            <method name="get_User" signature="()" line-rate="1" branch-rate="1" complexity="1">
              <lines />
            </method>
            <method name="set_User" signature="(...)" line-rate="1" branch-rate="1" complexity="1">
              <lines />
            </method>
            <method name="Get&lt;T&gt;" signature="(...)" line-rate="1" branch-rate="1" complexity="2">
              <lines />
            </method>
            <method name="Set&lt;T&gt;" signature="(...)" line-rate="1" branch-rate="1" complexity="1">
              <lines />
            </method>
            <method name="MoveNext" signature="()" line-rate="1" branch-rate="1" complexity="2">
              <lines />
            </method>
          </methods>
          <lines />
        </class>
        <class name="Microsoft.Owin.OwinResponse" filename="/_/src/Microsoft.Owin/OwinResponse.cs" line-rate="1" branch-rate="1" complexity="46">
          <methods>
            <method name=".ctor" signature="()" line-rate="1" branch-rate="1" complexity="1">
              <lines />
            </method>
            <method name=".ctor" signature="(...)" line-rate="1" branch-rate="1" complexity="2">
              <lines />
            </method>
            <method name="get_Environment" signature="()" line-rate="1" branch-rate="1" complexity="1">
              <lines />
            </method>
            <method name="set_Environment" signature="(...)" line-rate="1" branch-rate="1" complexity="1">
              <lines />
            </method>
            <method name="get_Context" signature="()" line-rate="1" branch-rate="1" complexity="1">
              <lines />
            </method>
            <method name="get_StatusCode" signature="()" line-rate="1" branch-rate="1" complexity="1">
              <lines />
            </method>
            <method name="set_StatusCode" signature="(...)" line-rate="1" branch-rate="1" complexity="1">
              <lines />
            </method>
            <method name="get_ReasonPhrase" signature="()" line-rate="1" branch-rate="1" complexity="1">
              <lines />
            </method>
            <method name="set_ReasonPhrase" signature="(...)" line-rate="1" branch-rate="1" complexity="1">
              <lines />
            </method>
            <method name="get_Protocol" signature="()" line-rate="1" branch-rate="1" complexity="1">
              <lines />
            </method>
            <method name="set_Protocol" signature="(...)" line-rate="1" branch-rate="1" complexity="1">
              <lines />
            </method>
            <method name="get_Headers" signature="()" line-rate="1" branch-rate="1" complexity="1">
              <lines />
            </method>
            <method name="get_RawHeaders" signature="()" line-rate="1" branch-rate="1" complexity="1">
              <lines />
            </method>
            <method name="get_Cookies" signature="()" line-rate="1" branch-rate="1" complexity="1">
              <lines />
            </method>
            <method name="get_ContentLength" signature="()" line-rate="1" branch-rate="1" complexity="2">
              <lines />
            </method>
            <method name="set_ContentLength" signature="(...)" line-rate="1" branch-rate="1" complexity="2">
              <lines />
            </method>
            <method name="get_ContentType" signature="()" line-rate="1" branch-rate="1" complexity="1">
              <lines />
            </method>
            <method name="set_ContentType" signature="(...)" line-rate="1" branch-rate="1" complexity="1">
              <lines />
            </method>
            <method name="get_Expires" signature="()" line-rate="1" branch-rate="1" complexity="2">
              <lines />
            </method>
            <method name="set_Expires" signature="(...)" line-rate="1" branch-rate="1" complexity="2">
              <lines />
            </method>
            <method name="get_ETag" signature="()" line-rate="1" branch-rate="1" complexity="1">
              <lines />
            </method>
            <method name="set_ETag" signature="(...)" line-rate="1" branch-rate="1" complexity="1">
              <lines />
            </method>
            <method name="get_Body" signature="()" line-rate="1" branch-rate="1" complexity="1">
              <lines />
            </method>
            <method name="set_Body" signature="(...)" line-rate="1" branch-rate="1" complexity="1">
              <lines />
            </method>
            <method name="OnSendingHeaders" signature="(...)" line-rate="1" branch-rate="1" complexity="2">
              <lines />
            </method>
            <method name="Redirect" signature="(...)" line-rate="1" branch-rate="1" complexity="1">
              <lines />
            </method>
            <method name="Write" signature="(...)" line-rate="1" branch-rate="1" complexity="1">
              <lines />
            </method>
            <method name="Write" signature="(...)" line-rate="1" branch-rate="1" complexity="2">
              <lines />
            </method>
            <method name="Write" signature="(...)" line-rate="1" branch-rate="1" complexity="1">
              <lines />
            </method>
            <method name="WriteAsync" signature="(...)" line-rate="1" branch-rate="1" complexity="1">
              <lines />
            </method>
            <method name="WriteAsync" signature="(...)" line-rate="1" branch-rate="1" complexity="1">
              <lines />
            </method>
            <method name="WriteAsync" signature="(...)" line-rate="1" branch-rate="1" complexity="1">
              <lines />
            </method>
            <method name="WriteAsync" signature="(...)" line-rate="1" branch-rate="1" complexity="2">
              <lines />
            </method>
            <method name="WriteAsync" signature="(...)" line-rate="1" branch-rate="1" complexity="1">
              <lines />
            </method>
            <method name="Get&lt;T&gt;" signature="(...)" line-rate="1" branch-rate="1" complexity="1">
              <lines />
            </method>
            <method name="Get&lt;T&gt;" signature="(...)" line-rate="1" branch-rate="1" complexity="2">
              <lines />
            </method>
            <method name="Set&lt;T&gt;" signature="(...)" line-rate="1" branch-rate="1" complexity="1">
              <lines />
            </method>
          </methods>
          <lines />
        </class>
        <class name="Microsoft.Owin.OwinStartupAttribute" filename="/_/src/Microsoft.Owin/Loader/OwinStartupAttribute.cs" line-rate="1" branch-rate="1" complexity="15">
          <methods>
            <method name=".ctor" signature="(...)" line-rate="1" branch-rate="1" complexity="1">
              <lines />
            </method>
            <method name=".ctor" signature="(...)" line-rate="1" branch-rate="1" complexity="1">
              <lines />
            </method>
            <method name=".ctor" signature="(...)" line-rate="1" branch-rate="1" complexity="1">
              <lines />
            </method>
            <method name=".ctor" signature="(...)" line-rate="1" branch-rate="1" complexity="6">
              <lines />
            </method>
            <method name="get_FriendlyName" signature="()" line-rate="1" branch-rate="1" complexity="1">
              <lines />
            </method>
            <method name="set_FriendlyName" signature="(...)" line-rate="1" branch-rate="1" complexity="1">
              <lines />
            </method>
            <method name="get_StartupType" signature="()" line-rate="1" branch-rate="1" complexity="1">
              <lines />
            </method>
            <method name="set_StartupType" signature="(...)" line-rate="1" branch-rate="1" complexity="1">
              <lines />
            </method>
            <method name="get_MethodName" signature="()" line-rate="1" branch-rate="1" complexity="1">
              <lines />
            </method>
            <method name="set_MethodName" signature="(...)" line-rate="1" branch-rate="1" complexity="1">
              <lines />
            </method>
          </methods>
          <lines />
        </class>
        <class name="Microsoft.Owin.PathString" filename="/_/src/Microsoft.Owin/PathString.cs" line-rate="1" branch-rate="1" complexity="69">
          <methods>
            <method name=".ctor" signature="(...)" line-rate="1" branch-rate="1" complexity="4">
              <lines />
            </method>
            <method name="get_Value" signature="()" line-rate="1" branch-rate="1" complexity="1">
              <lines />
            </method>
            <method name="get_HasValue" signature="()" line-rate="1" branch-rate="1" complexity="1">
              <lines />
            </method>
            <method name="ToString" signature="()" line-rate="1" branch-rate="1" complexity="1">
              <lines />
            </method>
            <method name="ToUriComponent" signature="()" line-rate="1" branch-rate="1" complexity="26">
              <lines />
            </method>
            <method name="FromUriComponent" signature="(...)" line-rate="1" branch-rate="1" complexity="1">
              <lines />
            </method>
            <method name="FromUriComponent" signature="(...)" line-rate="1" branch-rate="1" complexity="2">
              <lines />
            </method>
            <method name="StartsWithSegments" signature="(...)" line-rate="1" branch-rate="1" complexity="8">
              <lines />
            </method>
            <method name="StartsWithSegments" signature="(...)" line-rate="1" branch-rate="1" complexity="10">
              <lines />
            </method>
            <method name="Add" signature="(...)" line-rate="1" branch-rate="1" complexity="1">
              <lines />
            </method>
            <method name="Add" signature="(...)" line-rate="1" branch-rate="1" complexity="1">
              <lines />
            </method>
            <method name="Equals" signature="(...)" line-rate="1" branch-rate="1" complexity="1">
              <lines />
            </method>
            <method name="Equals" signature="(...)" line-rate="1" branch-rate="1" complexity="1">
              <lines />
            </method>
            <method name="Equals" signature="(...)" line-rate="1" branch-rate="1" complexity="4">
              <lines />
            </method>
            <method name="GetHashCode" signature="()" line-rate="1" branch-rate="1" complexity="2">
              <lines />
            </method>
            <method name="op_Equality" signature="(...)" line-rate="1" branch-rate="1" complexity="1">
              <lines />
            </method>
            <method name="op_Inequality" signature="(...)" line-rate="1" branch-rate="1" complexity="1">
              <lines />
            </method>
            <method name="op_Addition" signature="(...)" line-rate="1" branch-rate="1" complexity="1">
              <lines />
            </method>
            <method name="op_Addition" signature="(...)" line-rate="1" branch-rate="1" complexity="1">
              <lines />
            </method>
            <method name=".cctor" signature="()" line-rate="1" branch-rate="1" complexity="1">
              <lines />
            </method>
          </methods>
          <lines />
        </class>
        <class name="Microsoft.Owin.QueryString" filename="/_/src/Microsoft.Owin/QueryString.cs" line-rate="1" branch-rate="1" complexity="23">
          <methods>
            <method name=".ctor" signature="(...)" line-rate="1" branch-rate="1" complexity="1">
              <lines />
            </method>
            <method name=".ctor" signature="(...)" line-rate="1" branch-rate="1" complexity="1">
              <lines />
            </method>
            <method name="get_Value" signature="()" line-rate="1" branch-rate="1" complexity="1">
              <lines />
            </method>
            <method name="get_HasValue" signature="()" line-rate="1" branch-rate="1" complexity="1">
              <lines />
            </method>
            <method name="ToString" signature="()" line-rate="1" branch-rate="1" complexity="1">
              <lines />
            </method>
            <method name="ToUriComponent" signature="()" line-rate="1" branch-rate="1" complexity="2">
              <lines />
            </method>
            <method name="FromUriComponent" signature="(...)" line-rate="1" branch-rate="1" complexity="4">
              <lines />
            </method>
            <method name="FromUriComponent" signature="(...)" line-rate="1" branch-rate="1" complexity="2">
              <lines />
            </method>
            <method name="Equals" signature="(...)" line-rate="1" branch-rate="1" complexity="1">
              <lines />
            </method>
            <method name="Equals" signature="(...)" line-rate="1" branch-rate="1" complexity="4">
              <lines />
            </method>
            <method name="GetHashCode" signature="()" line-rate="1" branch-rate="1" complexity="2">
              <lines />
            </method>
            <method name="op_Equality" signature="(...)" line-rate="1" branch-rate="1" complexity="1">
[...]
            <line number="96" hits="1" branch="false" />
            <line number="97" hits="1" branch="false" />
            <line number="99" hits="1" branch="false" />
            <line number="100" hits="1" branch="false" />
            <line number="102" hits="1" branch="false" />
            <line number="104" hits="1" branch="false" />
            <line number="105" hits="1" branch="false" />
            <line number="106" hits="1" branch="false" />
            <line number="110" hits="1" branch="false" />
            <line number="111" hits="1" branch="false" />
            <line number="112" hits="1" branch="false" />
            <line number="114" hits="1" branch="false" />
            <line number="115" hits="1" branch="false" />
            <line number="116" hits="1" branch="false" />
            <line number="118" hits="1" branch="false" />
            <line number="119" hits="1" branch="false" />
            <line number="120" hits="1" branch="false" />
            <line number="122" hits="1" branch="false" />
            <line number="124" hits="1" branch="false" />
            <line number="125" hits="1" branch="false" />
            <line number="126" hits="1" branch="false" />
            <line number="130" hits="1" branch="false" />
            <line number="131" hits="1" branch="false" />
            <line number="133" hits="1" branch="false" />
            <line number="134" hits="1" branch="false" />
            <line number="135" hits="1" branch="false" />
            <line number="137" hits="1" branch="false" />
            <line number="138" hits="1" branch="false" />
            <line number="140" hits="1" branch="false" />
            <line number="141" hits="1" branch="false" />
            <line number="142" hits="1" branch="false" />
            <line number="146" hits="1" branch="false" />
            <line number="147" hits="1" branch="false" />
            <line number="148" hits="1" branch="false" />
            <line number="150" hits="1" branch="false" />
            <line number="151" hits="1" branch="false" />
            <line number="153" hits="1" branch="false" />
            <line number="155" hits="1" branch="false" />
            <line number="156" hits="1" branch="false" />
            <line number="157" hits="1" branch="false" />
            <line number="158" hits="1" branch="false" />
            <line number="159" hits="1" branch="false" />
            <line number="160" hits="1" branch="false" />
            <line number="161" hits="1" branch="false" />
            <line number="162" hits="1" branch="false" />
            <line number="163" hits="1" branch="false" />
            <line number="165" hits="1" branch="false" />
            <line number="166" hits="1" branch="false" />
          </lines>
        </class>
        <class name="MSPerson.Tests.PersonTests" filename="C:\Users\edgar-david.velasco\source\repos\PlutonMicroservices\MSPerson\Tests\PersonTests.cs" line-rate="1" branch-rate="1" complexity="1">
          <methods>
            <method name="SetValidPersonType_ShouldAssignValue" signature="()" line-rate="1" branch-rate="1" complexity="1">
              <lines>
                <line number="11" hits="1" branch="false" />
                <line number="12" hits="1" branch="false" />
                <line number="13" hits="1" branch="false" />
                <line number="15" hits="1" branch="false" />
                <line number="16" hits="1" branch="false" />
              </lines>
            </method>
          </methods>
          <lines>
            <line number="11" hits="1" branch="false" />
            <line number="12" hits="1" branch="false" />
            <line number="13" hits="1" branch="false" />
            <line number="15" hits="1" branch="false" />
            <line number="16" hits="1" branch="false" />
          </lines>
        </class>
        <class name="MSPerson.Tests.UpdatePersonDtoTests" filename="C:\Users\edgar-david.velasco\source\repos\PlutonMicroservices\MSPerson\Tests\UpdatePersonDtoTests.cs" line-rate="1" branch-rate="1" complexity="1">
          <methods>
            <method name="UpdatePersonDto_ShouldSetPropertiesCorrectly" signature="()" line-rate="1" branch-rate="1" complexity="1">
              <lines>
                <line number="11" hits="1" branch="false" />
                <line number="12" hits="1" branch="false" />
                <line number="13" hits="1" branch="false" />
                <line number="14" hits="1" branch="false" />
                <line number="15" hits="1" branch="false" />
                <line number="16" hits="1" branch="false" />
                <line number="17" hits="1" branch="false" />
                <line number="18" hits="1" branch="false" />
                <line number="19" hits="1" branch="false" />
                <line number="20" hits="1" branch="false" />
                <line number="21" hits="1" branch="false" />
                <line number="22" hits="1" branch="false" />
                <line number="24" hits="1" branch="false" />
                <line number="25" hits="1" branch="false" />
                <line number="26" hits="1" branch="false" />
                <line number="27" hits="1" branch="false" />
                <line number="28" hits="1" branch="false" />
                <line number="29" hits="1" branch="false" />
                <line number="30" hits="1" branch="false" />
                <line number="31" hits="1" branch="false" />
                <line number="32" hits="1" branch="false" />
              </lines>
            </method>
          </methods>
          <lines>
            <line number="11" hits="1" branch="false" />
            <line number="12" hits="1" branch="false" />
            <line number="13" hits="1" branch="false" />
            <line number="14" hits="1" branch="false" />
            <line number="15" hits="1" branch="false" />
            <line number="16" hits="1" branch="false" />
            <line number="17" hits="1" branch="false" />
            <line number="18" hits="1" branch="false" />
            <line number="19" hits="1" branch="false" />
            <line number="20" hits="1" branch="false" />
            <line number="21" hits="1" branch="false" />
            <line number="22" hits="1" branch="false" />
            <line number="24" hits="1" branch="false" />
            <line number="25" hits="1" branch="false" />
            <line number="26" hits="1" branch="false" />
            <line number="27" hits="1" branch="false" />
            <line number="28" hits="1" branch="false" />
            <line number="29" hits="1" branch="false" />
            <line number="30" hits="1" branch="false" />
            <line number="31" hits="1" branch="false" />
            <line number="32" hits="1" branch="false" />
          </lines>
        </class>
        <class name="MSPerson.WebApiApplication" filename="C:\Users\edgar-david.velasco\source\repos\PlutonMicroservices\MSPerson\Global.asax.cs" line-rate="0" branch-rate="0" complexity="2">
          <methods>
            <method name="Application_Start" signature="()" line-rate="0" branch-rate="0" complexity="2">
              <lines>
                <line number="16" hits="0" branch="false" />
                <line number="17" hits="0" branch="false" />
                <line number="19" hits="0" branch="false" />
                <line number="20" hits="0" branch="false" />
                <line number="21" hits="0" branch="false" />
                <line number="23" hits="0" branch="false" />
                <line number="25" hits="0" branch="false" />
                <line number="26" hits="0" branch="false" />
                <line number="27" hits="0" branch="false" />
                <line number="29" hits="0" branch="false" />
                <line number="31" hits="0" branch="true" condition-coverage="0% (0/2)" />
                <line number="32" hits="0" branch="false" />
                <line number="33" hits="0" branch="false" />
                <line number="34" hits="0" branch="false" />
                <line number="35" hits="0" branch="false" />
                <line number="37" hits="0" branch="false" />
                <line number="38" hits="0" branch="false" />
                <line number="40" hits="0" branch="false" />
                <line number="41" hits="0" branch="false" />
              </lines>
            </method>
          </methods>
          <lines>
            <line number="16" hits="0" branch="false" />
            <line number="17" hits="0" branch="false" />
            <line number="19" hits="0" branch="false" />
            <line number="20" hits="0" branch="false" />
            <line number="21" hits="0" branch="false" />
            <line number="23" hits="0" branch="false" />
            <line number="25" hits="0" branch="false" />
            <line number="26" hits="0" branch="false" />
            <line number="27" hits="0" branch="false" />
            <line number="29" hits="0" branch="false" />
            <line number="31" hits="0" branch="true" condition-coverage="0% (0/2)" />
            <line number="32" hits="0" branch="false" />
            <line number="33" hits="0" branch="false" />
            <line number="34" hits="0" branch="false" />
            <line number="35" hits="0" branch="false" />
            <line number="37" hits="0" branch="false" />
            <line number="38" hits="0" branch="false" />
            <line number="40" hits="0" branch="false" />
            <line number="41" hits="0" branch="false" />
          </lines>
        </class>
        <class name="MSPerson.WebApiConfig" filename="C:\Users\edgar-david.velasco\source\repos\PlutonMicroservices\MSPerson\App_Start\WebApiConfig.cs" line-rate="0" branch-rate="1" complexity="1">
          <methods>
            <method name="Register" signature="(...)" line-rate="0" branch-rate="1" complexity="1">
              <lines>
                <line number="11" hits="0" branch="false" />
                <line number="15" hits="0" branch="false" />
                <line number="16" hits="0" branch="false" />
                <line number="17" hits="0" branch="false" />
                <line number="18" hits="0" branch="false" />
                <line number="21" hits="0" branch="false" />
                <line number="23" hits="0" branch="false" />
                <line number="24" hits="0" branch="false" />
                <line number="25" hits="0" branch="false" />
                <line number="26" hits="0" branch="false" />
                <line number="27" hits="0" branch="false" />
                <line number="29" hits="0" branch="false" />
                <line number="30" hits="0" branch="false" />
              </lines>
            </method>
          </methods>
          <lines>
            <line number="11" hits="0" branch="false" />
            <line number="15" hits="0" branch="false" />
            <line number="16" hits="0" branch="false" />
            <line number="17" hits="0" branch="false" />
            <line number="18" hits="0" branch="false" />
            <line number="21" hits="0" branch="false" />
            <line number="23" hits="0" branch="false" />
            <line number="24" hits="0" branch="false" />
            <line number="25" hits="0" branch="false" />
            <line number="26" hits="0" branch="false" />
            <line number="27" hits="0" branch="false" />
            <line number="29" hits="0" branch="false" />
            <line number="30" hits="0" branch="false" />
          </lines>
        </class>
        <class name="PersonService" filename="C:\Users\edgar-david.velasco\source\repos\PlutonMicroservices\MSPerson\Application\Services\PersonService.cs" line-rate="0.962264150943396" branch-rate="0.625" complexity="18">
          <methods>
            <method name=".ctor" signature="(...)" line-rate="1" branch-rate="0.5" complexity="2">
              <lines>
                <line number="15" hits="1" branch="false" />
                <line number="16" hits="1" branch="false" />
                <line number="17" hits="1" branch="true" condition-coverage="50% (1/2)" />
                <line number="18" hits="1" branch="false" />
              </lines>
            </method>
            <method name="ConvertToDto" signature="(...)" line-rate="1" branch-rate="1" complexity="1">
              <lines>
                <line number="75" hits="1" branch="false" />
                <line number="76" hits="1" branch="false" />
                <line number="77" hits="1" branch="false" />
                <line number="78" hits="1" branch="false" />
                <line number="79" hits="1" branch="false" />
                <line number="80" hits="1" branch="false" />
                <line number="81" hits="1" branch="false" />
                <line number="82" hits="1" branch="false" />
                <line number="83" hits="1" branch="false" />
                <line number="84" hits="1" branch="false" />
                <line number="85" hits="1" branch="false" />
                <line number="86" hits="1" branch="false" />
                <line number="87" hits="1" branch="false" />
              </lines>
            </method>
            <method name="MoveNext" signature="()" line-rate="0.888888888888889" branch-rate="0.5" complexity="4">
              <lines>
                <line number="21" hits="1" branch="false" />
                <line number="22" hits="1" branch="true" condition-coverage="50% (1/2)" />
                <line number="24" hits="1" branch="true" condition-coverage="50% (1/2)" />
                <line number="25" hits="0" branch="false" />
                <line number="27" hits="1" branch="false" />
                <line number="28" hits="1" branch="false" />
                <line number="30" hits="1" branch="false" />
                <line number="31" hits="1" branch="false" />
                <line number="32" hits="1" branch="false" />
              </lines>
            </method>
            <method name="MoveNext" signature="()" line-rate="1" branch-rate="1" complexity="2">
              <lines>
                <line number="64" hits="1" branch="false" />
                <line number="65" hits="1" branch="false" />
                <line number="66" hits="1" branch="true" condition-coverage="100% (2/2)" />
                <line number="67" hits="1" branch="false" />
                <line number="68" hits="1" branch="false" />
                <line number="71" hits="1" branch="false" />
                <line number="72" hits="1" branch="false" />
              </lines>
            </method>
            <method name="MoveNext" signature="()" line-rate="1" branch-rate="1" complexity="1">
              <lines>
                <line number="35" hits="1" branch="false" />
                <line number="36" hits="1" branch="false" />
                <line number="37" hits="1" branch="false" />
                <line number="38" hits="1" branch="false" />
              </lines>
            </method>
            <method name="MoveNext" signature="()" line-rate="1" branch-rate="0.5" complexity="2">
              <lines>
                <line number="41" hits="1" branch="false" />
                <line number="42" hits="1" branch="false" />
                <line number="43" hits="1" branch="true" condition-coverage="50% (1/2)" />
                <line number="44" hits="1" branch="false" />
              </lines>
            </method>
            <method name="MoveNext" signature="()" line-rate="0.916666666666667" branch-rate="0.666666666666667" complexity="6">
              <lines>
                <line number="47" hits="1" branch="false" />
                <line number="48" hits="1" branch="false" />
                <line number="49" hits="1" branch="true" condition-coverage="50% (1/2)" />
                <line number="51" hits="1" branch="false" />
                <line number="52" hits="1" branch="true" condition-coverage="100% (2/2)" />
                <line number="53" hits="1" branch="false" />
                <line number="54" hits="1" branch="true" condition-coverage="50% (1/2)" />
                <line number="55" hits="0" branch="false" />
                <line number="56" hits="1" branch="false" />
                <line number="58" hits="1" branch="false" />
                <line number="60" hits="1" branch="false" />
                <line number="61" hits="1" branch="false" />
              </lines>
            </method>
          </methods>
          <lines>
            <line number="15" hits="1" branch="false" />
            <line number="16" hits="1" branch="false" />
            <line number="17" hits="1" branch="true" condition-coverage="50% (1/2)" />
            <line number="18" hits="1" branch="false" />
            <line number="21" hits="1" branch="false" />
            <line number="22" hits="1" branch="true" condition-coverage="50% (1/2)" />
            <line number="24" hits="1" branch="true" condition-coverage="50% (1/2)" />
            <line number="25" hits="0" branch="false" />
            <line number="27" hits="1" branch="false" />
            <line number="28" hits="1" branch="false" />
            <line number="30" hits="1" branch="false" />
            <line number="31" hits="1" branch="false" />
            <line number="32" hits="1" branch="false" />
            <line number="35" hits="1" branch="false" />
            <line number="36" hits="1" branch="false" />
            <line number="37" hits="1" branch="false" />
            <line number="38" hits="1" branch="false" />
            <line number="41" hits="1" branch="false" />
            <line number="42" hits="1" branch="false" />
            <line number="43" hits="1" branch="true" condition-coverage="50% (1/2)" />
            <line number="44" hits="1" branch="false" />
            <line number="47" hits="1" branch="false" />
            <line number="48" hits="1" branch="false" />
            <line number="49" hits="1" branch="true" condition-coverage="50% (1/2)" />
            <line number="51" hits="1" branch="false" />
            <line number="52" hits="1" branch="true" condition-coverage="100% (2/2)" />
            <line number="53" hits="1" branch="false" />
            <line number="54" hits="1" branch="true" condition-coverage="50% (1/2)" />
            <line number="55" hits="0" branch="false" />
            <line number="56" hits="1" branch="false" />
            <line number="58" hits="1" branch="false" />
            <line number="60" hits="1" branch="false" />
            <line number="61" hits="1" branch="false" />
            <line number="64" hits="1" branch="false" />
            <line number="65" hits="1" branch="false" />
            <line number="66" hits="1" branch="true" condition-coverage="100% (2/2)" />
            <line number="67" hits="1" branch="false" />
            <line number="68" hits="1" branch="false" />
            <line number="71" hits="1" branch="false" />
            <line number="72" hits="1" branch="false" />
            <line number="75" hits="1" branch="false" />
            <line number="76" hits="1" branch="false" />
            <line number="77" hits="1" branch="false" />
            <line number="78" hits="1" branch="false" />
            <line number="79" hits="1" branch="false" />
            <line number="80" hits="1" branch="false" />
            <line number="81" hits="1" branch="false" />
            <line number="82" hits="1" branch="false" />
            <line number="83" hits="1" branch="false" />
            <line number="84" hits="1" branch="false" />
            <line number="85" hits="1" branch="false" />
            <line number="86" hits="1" branch="false" />
            <line number="87" hits="1" branch="false" />
          </lines>
        </class>
      </classes>
    </package>
  </packages>
</coverage>